<?xml version="1.0" encoding="UTF-8"?>
<coverage generated="1691337076130" clover="3.2.0">
  <project timestamp="1691337076130" name="All files">
    <metrics statements="103" coveredstatements="91" conditionals="47" coveredconditionals="32" methods="42" coveredmethods="30" elements="192" coveredelements="153" complexity="0" loc="103" ncloc="103" packages="4" files="5" classes="5"/>
    <package name="pagination">
      <metrics statements="58" coveredstatements="48" conditionals="21" coveredconditionals="15" methods="27" coveredmethods="17"/>
      <file name="component.tsx" path="/Users/jonathanperry/Documents/GitHub/Sequence Media/react-router-pagination/src/pagination/component.tsx">
        <metrics statements="58" coveredstatements="48" conditionals="21" coveredconditionals="15" methods="27" coveredmethods="17"/>
        <line num="20" count="4" type="stmt"/>
        <line num="21" count="15" type="cond" truecount="2" falsecount="0"/>
        <line num="26" count="32" type="stmt"/>
        <line num="28" count="32" type="cond" truecount="2" falsecount="2"/>
        <line num="52" count="4" type="stmt"/>
        <line num="59" count="4" type="stmt"/>
        <line num="61" count="4" type="stmt"/>
        <line num="64" count="0" type="stmt"/>
        <line num="68" count="0" type="stmt"/>
        <line num="72" count="2" type="stmt"/>
        <line num="76" count="6" type="stmt"/>
        <line num="80" count="8" type="stmt"/>
        <line num="84" count="7" type="stmt"/>
        <line num="88" count="7" type="stmt"/>
        <line num="92" count="7" type="stmt"/>
        <line num="96" count="7" type="stmt"/>
        <line num="100" count="7" type="cond" truecount="2" falsecount="0"/>
        <line num="101" count="4" type="stmt"/>
        <line num="102" count="4" type="stmt"/>
        <line num="104" count="0" type="stmt"/>
        <line num="112" count="3" type="stmt"/>
        <line num="116" count="7" type="cond" truecount="2" falsecount="0"/>
        <line num="117" count="4" type="stmt"/>
        <line num="118" count="4" type="stmt"/>
        <line num="120" count="0" type="stmt"/>
        <line num="128" count="3" type="stmt"/>
        <line num="132" count="7" type="cond" truecount="2" falsecount="0"/>
        <line num="133" count="4" type="stmt"/>
        <line num="134" count="4" type="stmt"/>
        <line num="136" count="0" type="stmt"/>
        <line num="144" count="3" type="stmt"/>
        <line num="148" count="7" type="cond" truecount="2" falsecount="0"/>
        <line num="149" count="5" type="stmt"/>
        <line num="150" count="5" type="stmt"/>
        <line num="152" count="0" type="stmt"/>
        <line num="160" count="2" type="stmt"/>
        <line num="164" count="8" type="stmt"/>
        <line num="165" count="8" type="stmt"/>
        <line num="166" count="8" type="stmt"/>
        <line num="167" count="8" type="stmt"/>
        <line num="168" count="15" type="stmt"/>
        <line num="169" count="15" type="stmt"/>
        <line num="171" count="0" type="stmt"/>
        <line num="179" count="8" type="stmt"/>
        <line num="183" count="2" type="stmt"/>
        <line num="190" count="0" type="stmt"/>
        <line num="197" count="8" type="stmt"/>
        <line num="198" count="0" type="stmt"/>
        <line num="202" count="8" type="stmt"/>
        <line num="203" count="8" type="cond" truecount="1" falsecount="1"/>
        <line num="204" count="8" type="stmt"/>
        <line num="205" count="8" type="stmt"/>
        <line num="206" count="8" type="stmt"/>
        <line num="207" count="8" type="cond" truecount="2" falsecount="0"/>
        <line num="208" count="7" type="stmt"/>
        <line num="218" count="1" type="stmt"/>
        <line num="225" count="0" type="stmt"/>
        <line num="230" count="2" type="stmt"/>
      </file>
      <file name="index.tsx" path="/Users/jonathanperry/Documents/GitHub/Sequence Media/react-router-pagination/src/pagination/index.tsx">
        <metrics statements="0" coveredstatements="0" conditionals="0" coveredconditionals="0" methods="0" coveredmethods="0"/>
      </file>
    </package>
    <package name="pagination.centered">
      <metrics statements="23" coveredstatements="22" conditionals="20" coveredconditionals="13" methods="7" coveredmethods="6"/>
      <file name="index.tsx" path="/Users/jonathanperry/Documents/GitHub/Sequence Media/react-router-pagination/src/pagination/centered/index.tsx">
        <metrics statements="23" coveredstatements="22" conditionals="20" coveredconditionals="13" methods="7" coveredmethods="6"/>
        <line num="27" count="2" type="stmt"/>
        <line num="32" count="3" type="stmt"/>
        <line num="39" count="17" type="stmt"/>
        <line num="40" count="17" type="stmt"/>
        <line num="44" count="17" type="stmt"/>
        <line num="45" count="17" type="stmt"/>
        <line num="51" count="54" type="stmt"/>
        <line num="52" count="54" type="stmt"/>
        <line num="53" count="54" type="cond" truecount="1" falsecount="1"/>
        <line num="57" count="9" type="stmt"/>
        <line num="58" count="9" type="stmt"/>
        <line num="59" count="9" type="stmt"/>
        <line num="60" count="9" type="stmt"/>
        <line num="61" count="9" type="stmt"/>
        <line num="62" count="9" type="cond" truecount="6" falsecount="2"/>
        <line num="66" count="8" type="stmt"/>
        <line num="67" count="8" type="stmt"/>
        <line num="68" count="8" type="stmt"/>
        <line num="69" count="8" type="stmt"/>
        <line num="70" count="8" type="stmt"/>
        <line num="71" count="8" type="cond" truecount="6" falsecount="2"/>
        <line num="75" count="3" type="stmt"/>
        <line num="83" count="0" type="cond" truecount="0" falsecount="2"/>
      </file>
    </package>
    <package name="pagination.common">
      <metrics statements="10" coveredstatements="10" conditionals="4" coveredconditionals="4" methods="3" coveredmethods="3"/>
      <file name="index.ts" path="/Users/jonathanperry/Documents/GitHub/Sequence Media/react-router-pagination/src/pagination/common/index.ts">
        <metrics statements="10" coveredstatements="10" conditionals="4" coveredconditionals="4" methods="3" coveredmethods="3"/>
        <line num="2" count="243" type="stmt"/>
        <line num="4" count="243" type="cond" truecount="2" falsecount="0"/>
        <line num="8" count="30" type="stmt"/>
        <line num="9" count="30" type="stmt"/>
        <line num="10" count="30" type="stmt"/>
        <line num="11" count="30" type="stmt"/>
        <line num="12" count="30" type="cond" truecount="2" falsecount="0"/>
        <line num="16" count="18" type="stmt"/>
        <line num="17" count="18" type="stmt"/>
        <line num="18" count="18" type="stmt"/>
      </file>
    </package>
    <package name="pagination.standard">
      <metrics statements="12" coveredstatements="11" conditionals="2" coveredconditionals="0" methods="5" coveredmethods="4"/>
      <file name="index.tsx" path="/Users/jonathanperry/Documents/GitHub/Sequence Media/react-router-pagination/src/pagination/standard/index.tsx">
        <metrics statements="12" coveredstatements="11" conditionals="2" coveredconditionals="0" methods="5" coveredmethods="4"/>
        <line num="27" count="2" type="stmt"/>
        <line num="32" count="3" type="stmt"/>
        <line num="41" count="24" type="stmt"/>
        <line num="42" count="24" type="stmt"/>
        <line num="46" count="11" type="stmt"/>
        <line num="47" count="11" type="stmt"/>
        <line num="48" count="11" type="stmt"/>
        <line num="52" count="10" type="stmt"/>
        <line num="53" count="10" type="stmt"/>
        <line num="54" count="10" type="stmt"/>
        <line num="58" count="3" type="stmt"/>
        <line num="66" count="0" type="cond" truecount="0" falsecount="2"/>
      </file>
    </package>
  </project>
</coverage>
