{"/Users/jonathanperry/Documents/GitHub/Sequence Media/react-router-pagination/src/pagination/component.tsx": {"path":"/Users/jonathanperry/Documents/GitHub/Sequence Media/react-router-pagination/src/pagination/component.tsx","statementMap":{"0":{"start":{"line":20,"column":29},"end":{"line":24,"column":1}},"1":{"start":{"line":21,"column":2},"end":{"line":23,"column":12}},"2":{"start":{"line":26,"column":23},"end":{"line":26,"column":75}},"3":{"start":{"line":26,"column":57},"end":{"line":26,"column":75}},"4":{"start":{"line":28,"column":18},"end":{"line":28,"column":136}},"5":{"start":{"line":28,"column":91},"end":{"line":28,"column":136}},"6":{"start":{"line":52,"column":24},"end":{"line":57,"column":3}},"7":{"start":{"line":59,"column":31},"end":{"line":59,"column":50}},"8":{"start":{"line":61,"column":31},"end":{"line":61,"column":50}},"9":{"start":{"line":64,"column":4},"end":{"line":64,"column":12}},"10":{"start":{"line":68,"column":4},"end":{"line":68,"column":12}},"11":{"start":{"line":72,"column":4},"end":{"line":72,"column":12}},"12":{"start":{"line":76,"column":4},"end":{"line":76,"column":12}},"13":{"start":{"line":80,"column":4},"end":{"line":80,"column":12}},"14":{"start":{"line":84,"column":4},"end":{"line":84,"column":59}},"15":{"start":{"line":88,"column":4},"end":{"line":88,"column":68}},"16":{"start":{"line":92,"column":4},"end":{"line":92,"column":53}},"17":{"start":{"line":96,"column":4},"end":{"line":96,"column":62}},"18":{"start":{"line":100,"column":4},"end":{"line":111,"column":5}},"19":{"start":{"line":101,"column":16},"end":{"line":101,"column":54}},"20":{"start":{"line":102,"column":6},"end":{"line":110,"column":7}},"21":{"start":{"line":104,"column":56},"end":{"line":104,"column":75}},"22":{"start":{"line":112,"column":4},"end":{"line":112,"column":15}},"23":{"start":{"line":116,"column":4},"end":{"line":127,"column":5}},"24":{"start":{"line":117,"column":16},"end":{"line":117,"column":58}},"25":{"start":{"line":118,"column":6},"end":{"line":126,"column":7}},"26":{"start":{"line":120,"column":56},"end":{"line":120,"column":75}},"27":{"start":{"line":128,"column":4},"end":{"line":128,"column":15}},"28":{"start":{"line":132,"column":4},"end":{"line":143,"column":5}},"29":{"start":{"line":133,"column":16},"end":{"line":133,"column":17}},"30":{"start":{"line":134,"column":6},"end":{"line":142,"column":7}},"31":{"start":{"line":136,"column":56},"end":{"line":136,"column":75}},"32":{"start":{"line":144,"column":4},"end":{"line":144,"column":15}},"33":{"start":{"line":148,"column":4},"end":{"line":159,"column":5}},"34":{"start":{"line":149,"column":16},"end":{"line":149,"column":37}},"35":{"start":{"line":150,"column":6},"end":{"line":158,"column":7}},"36":{"start":{"line":152,"column":56},"end":{"line":152,"column":75}},"37":{"start":{"line":160,"column":4},"end":{"line":160,"column":15}},"38":{"start":{"line":164,"column":12},"end":{"line":164,"column":50}},"39":{"start":{"line":165,"column":14},"end":{"line":165,"column":52}},"40":{"start":{"line":166,"column":14},"end":{"line":166,"column":16}},"41":{"start":{"line":167,"column":4},"end":{"line":178,"column":5}},"42":{"start":{"line":168,"column":17},"end":{"line":168,"column":22}},"43":{"start":{"line":169,"column":6},"end":{"line":177,"column":8}},"44":{"start":{"line":171,"column":56},"end":{"line":171,"column":75}},"45":{"start":{"line":179,"column":4},"end":{"line":179,"column":12}},"46":{"start":{"line":183,"column":4},"end":{"line":186,"column":5}},"47":{"start":{"line":190,"column":4},"end":{"line":194,"column":5}},"48":{"start":{"line":197,"column":16},"end":{"line":199,"column":3}},"49":{"start":{"line":198,"column":4},"end":{"line":198,"column":34}},"50":{"start":{"line":202,"column":27},"end":{"line":202,"column":37}},"51":{"start":{"line":203,"column":4},"end":{"line":224,"column":5}},"52":{"start":{"line":204,"column":24},"end":{"line":204,"column":34}},"53":{"start":{"line":205,"column":29},"end":{"line":205,"column":39}},"54":{"start":{"line":206,"column":19},"end":{"line":206,"column":62}},"55":{"start":{"line":207,"column":6},"end":{"line":223,"column":7}},"56":{"start":{"line":208,"column":8},"end":{"line":216,"column":9}},"57":{"start":{"line":218,"column":8},"end":{"line":222,"column":9}},"58":{"start":{"line":225,"column":4},"end":{"line":225,"column":15}},"59":{"start":{"line":230,"column":10},"end":{"line":233,"column":3}}},"fnMap":{"0":{"name":"(anonymous_0)","decl":{"start":{"line":20,"column":29},"end":{"line":20,"column":30}},"loc":{"start":{"line":21,"column":2},"end":{"line":23,"column":12}},"line":21},"1":{"name":"(anonymous_1)","decl":{"start":{"line":26,"column":23},"end":{"line":26,"column":24}},"loc":{"start":{"line":26,"column":57},"end":{"line":26,"column":75}},"line":26},"2":{"name":"(anonymous_2)","decl":{"start":{"line":28,"column":18},"end":{"line":28,"column":19}},"loc":{"start":{"line":28,"column":91},"end":{"line":28,"column":136}},"line":28},"3":{"name":"(anonymous_3)","decl":{"start":{"line":53,"column":13},"end":{"line":53,"column":14}},"loc":{"start":{"line":53,"column":19},"end":{"line":53,"column":21}},"line":53},"4":{"name":"(anonymous_4)","decl":{"start":{"line":63,"column":2},"end":{"line":63,"column":3}},"loc":{"start":{"line":63,"column":15},"end":{"line":65,"column":3}},"line":63},"5":{"name":"(anonymous_5)","decl":{"start":{"line":67,"column":2},"end":{"line":67,"column":3}},"loc":{"start":{"line":67,"column":15},"end":{"line":69,"column":3}},"line":67},"6":{"name":"(anonymous_6)","decl":{"start":{"line":71,"column":2},"end":{"line":71,"column":3}},"loc":{"start":{"line":71,"column":15},"end":{"line":73,"column":3}},"line":71},"7":{"name":"(anonymous_7)","decl":{"start":{"line":75,"column":2},"end":{"line":75,"column":3}},"loc":{"start":{"line":75,"column":79},"end":{"line":77,"column":3}},"line":75},"8":{"name":"(anonymous_8)","decl":{"start":{"line":79,"column":2},"end":{"line":79,"column":3}},"loc":{"start":{"line":79,"column":79},"end":{"line":81,"column":3}},"line":79},"9":{"name":"(anonymous_9)","decl":{"start":{"line":83,"column":2},"end":{"line":83,"column":3}},"loc":{"start":{"line":83,"column":89},"end":{"line":85,"column":3}},"line":83},"10":{"name":"(anonymous_10)","decl":{"start":{"line":87,"column":2},"end":{"line":87,"column":3}},"loc":{"start":{"line":87,"column":89},"end":{"line":89,"column":3}},"line":87},"11":{"name":"(anonymous_11)","decl":{"start":{"line":91,"column":2},"end":{"line":91,"column":3}},"loc":{"start":{"line":91,"column":86},"end":{"line":93,"column":3}},"line":91},"12":{"name":"(anonymous_12)","decl":{"start":{"line":95,"column":2},"end":{"line":95,"column":3}},"loc":{"start":{"line":95,"column":86},"end":{"line":97,"column":3}},"line":95},"13":{"name":"(anonymous_13)","decl":{"start":{"line":99,"column":2},"end":{"line":99,"column":3}},"loc":{"start":{"line":99,"column":116},"end":{"line":113,"column":3}},"line":99},"14":{"name":"(anonymous_14)","decl":{"start":{"line":104,"column":50},"end":{"line":104,"column":51}},"loc":{"start":{"line":104,"column":56},"end":{"line":104,"column":75}},"line":104},"15":{"name":"(anonymous_15)","decl":{"start":{"line":115,"column":2},"end":{"line":115,"column":3}},"loc":{"start":{"line":115,"column":116},"end":{"line":129,"column":3}},"line":115},"16":{"name":"(anonymous_16)","decl":{"start":{"line":120,"column":50},"end":{"line":120,"column":51}},"loc":{"start":{"line":120,"column":56},"end":{"line":120,"column":75}},"line":120},"17":{"name":"(anonymous_17)","decl":{"start":{"line":131,"column":2},"end":{"line":131,"column":3}},"loc":{"start":{"line":131,"column":113},"end":{"line":145,"column":3}},"line":131},"18":{"name":"(anonymous_18)","decl":{"start":{"line":136,"column":50},"end":{"line":136,"column":51}},"loc":{"start":{"line":136,"column":56},"end":{"line":136,"column":75}},"line":136},"19":{"name":"(anonymous_19)","decl":{"start":{"line":147,"column":2},"end":{"line":147,"column":3}},"loc":{"start":{"line":147,"column":113},"end":{"line":161,"column":3}},"line":147},"20":{"name":"(anonymous_20)","decl":{"start":{"line":152,"column":50},"end":{"line":152,"column":51}},"loc":{"start":{"line":152,"column":56},"end":{"line":152,"column":75}},"line":152},"21":{"name":"(anonymous_21)","decl":{"start":{"line":163,"column":2},"end":{"line":163,"column":3}},"loc":{"start":{"line":163,"column":105},"end":{"line":180,"column":3}},"line":163},"22":{"name":"(anonymous_22)","decl":{"start":{"line":171,"column":50},"end":{"line":171,"column":51}},"loc":{"start":{"line":171,"column":56},"end":{"line":171,"column":75}},"line":171},"23":{"name":"(anonymous_23)","decl":{"start":{"line":182,"column":2},"end":{"line":182,"column":3}},"loc":{"start":{"line":182,"column":113},"end":{"line":187,"column":3}},"line":182},"24":{"name":"(anonymous_24)","decl":{"start":{"line":189,"column":2},"end":{"line":189,"column":3}},"loc":{"start":{"line":189,"column":66},"end":{"line":195,"column":3}},"line":189},"25":{"name":"(anonymous_25)","decl":{"start":{"line":197,"column":16},"end":{"line":197,"column":17}},"loc":{"start":{"line":197,"column":45},"end":{"line":199,"column":3}},"line":197},"26":{"name":"(anonymous_26)","decl":{"start":{"line":201,"column":2},"end":{"line":201,"column":3}},"loc":{"start":{"line":201,"column":32},"end":{"line":226,"column":3}},"line":201}},"branchMap":{"0":{"loc":{"start":{"line":21,"column":2},"end":{"line":23,"column":12}},"type":"cond-expr","locations":[{"start":{"line":22,"column":6},"end":{"line":22,"column":19}},{"start":{"line":23,"column":6},"end":{"line":23,"column":12}}],"line":21},"1":{"loc":{"start":{"line":28,"column":19},"end":{"line":28,"column":62}},"type":"default-arg","locations":[{"start":{"line":28,"column":60},"end":{"line":28,"column":62}}],"line":28},"2":{"loc":{"start":{"line":28,"column":21},"end":{"line":28,"column":42}},"type":"default-arg","locations":[{"start":{"line":28,"column":28},"end":{"line":28,"column":42}}],"line":28},"3":{"loc":{"start":{"line":28,"column":44},"end":{"line":28,"column":55}},"type":"default-arg","locations":[{"start":{"line":28,"column":53},"end":{"line":28,"column":55}}],"line":28},"4":{"loc":{"start":{"line":28,"column":64},"end":{"line":28,"column":78}},"type":"default-arg","locations":[{"start":{"line":28,"column":77},"end":{"line":28,"column":78}}],"line":28},"5":{"loc":{"start":{"line":100,"column":4},"end":{"line":111,"column":5}},"type":"if","locations":[{"start":{"line":100,"column":4},"end":{"line":111,"column":5}},{"start":{},"end":{}}],"line":100},"6":{"loc":{"start":{"line":116,"column":4},"end":{"line":127,"column":5}},"type":"if","locations":[{"start":{"line":116,"column":4},"end":{"line":127,"column":5}},{"start":{},"end":{}}],"line":116},"7":{"loc":{"start":{"line":132,"column":4},"end":{"line":143,"column":5}},"type":"if","locations":[{"start":{"line":132,"column":4},"end":{"line":143,"column":5}},{"start":{},"end":{}}],"line":132},"8":{"loc":{"start":{"line":148,"column":4},"end":{"line":159,"column":5}},"type":"if","locations":[{"start":{"line":148,"column":4},"end":{"line":159,"column":5}},{"start":{},"end":{}}],"line":148},"9":{"loc":{"start":{"line":191,"column":6},"end":{"line":193,"column":38}},"type":"binary-expr","locations":[{"start":{"line":191,"column":6},"end":{"line":191,"column":70}},{"start":{"line":192,"column":6},"end":{"line":192,"column":70}},{"start":{"line":193,"column":6},"end":{"line":193,"column":38}}],"line":191},"10":{"loc":{"start":{"line":203,"column":4},"end":{"line":224,"column":5}},"type":"if","locations":[{"start":{"line":203,"column":4},"end":{"line":224,"column":5}},{"start":{},"end":{}}],"line":203},"11":{"loc":{"start":{"line":207,"column":6},"end":{"line":223,"column":7}},"type":"if","locations":[{"start":{"line":207,"column":6},"end":{"line":223,"column":7}},{"start":{"line":217,"column":13},"end":{"line":223,"column":7}}],"line":207}},"s":{"0":4,"1":15,"2":4,"3":32,"4":4,"5":32,"6":4,"7":4,"8":4,"9":0,"10":0,"11":2,"12":6,"13":8,"14":7,"15":7,"16":7,"17":7,"18":7,"19":4,"20":4,"21":0,"22":3,"23":7,"24":4,"25":4,"26":0,"27":3,"28":7,"29":4,"30":4,"31":0,"32":3,"33":7,"34":5,"35":5,"36":0,"37":2,"38":8,"39":8,"40":8,"41":8,"42":15,"43":15,"44":0,"45":8,"46":2,"47":0,"48":8,"49":0,"50":8,"51":8,"52":8,"53":8,"54":8,"55":8,"56":7,"57":1,"58":0,"59":2},"f":{"0":15,"1":32,"2":32,"3":0,"4":0,"5":0,"6":2,"7":6,"8":8,"9":7,"10":7,"11":7,"12":7,"13":7,"14":0,"15":7,"16":0,"17":7,"18":0,"19":7,"20":0,"21":8,"22":0,"23":2,"24":0,"25":0,"26":8},"b":{"0":[6,9],"1":[0],"2":[32],"3":[32],"4":[0],"5":[4,3],"6":[4,3],"7":[4,3],"8":[5,2],"9":[0,0,0],"10":[8,0],"11":[7,1]},"_coverageSchema":"1a1c01bbd47fc00a2c39e90264f33305004495a9","hash":"541dcba1ea7ddd0681a20871e090a120027d0974"}
,"/Users/jonathanperry/Documents/GitHub/Sequence Media/react-router-pagination/src/pagination/index.tsx": {"path":"/Users/jonathanperry/Documents/GitHub/Sequence Media/react-router-pagination/src/pagination/index.tsx","statementMap":{},"fnMap":{},"branchMap":{},"s":{},"f":{},"b":{},"_coverageSchema":"1a1c01bbd47fc00a2c39e90264f33305004495a9","hash":"7f918a520a05e1175e044978dd1e07bb1ffe84c2"}
,"/Users/jonathanperry/Documents/GitHub/Sequence Media/react-router-pagination/src/pagination/centered/index.tsx": {"path":"/Users/jonathanperry/Documents/GitHub/Sequence Media/react-router-pagination/src/pagination/centered/index.tsx","statementMap":{"0":{"start":{"line":27,"column":24},"end":{"line":30,"column":3}},"1":{"start":{"line":32,"column":10},"end":{"line":36,"column":3}},"2":{"start":{"line":39,"column":14},"end":{"line":39,"column":26}},"3":{"start":{"line":40,"column":4},"end":{"line":40,"column":23}},"4":{"start":{"line":44,"column":14},"end":{"line":44,"column":26}},"5":{"start":{"line":45,"column":4},"end":{"line":45,"column":24}},"6":{"start":{"line":51,"column":8},"end":{"line":51,"column":18}},"7":{"start":{"line":52,"column":14},"end":{"line":52,"column":28}},"8":{"start":{"line":53,"column":4},"end":{"line":53,"column":26}},"9":{"start":{"line":57,"column":14},"end":{"line":57,"column":35}},"10":{"start":{"line":58,"column":14},"end":{"line":58,"column":35}},"11":{"start":{"line":59,"column":14},"end":{"line":59,"column":22}},"12":{"start":{"line":60,"column":14},"end":{"line":60,"column":22}},"13":{"start":{"line":61,"column":14},"end":{"line":61,"column":22}},"14":{"start":{"line":62,"column":4},"end":{"line":62,"column":92}},"15":{"start":{"line":66,"column":14},"end":{"line":66,"column":35}},"16":{"start":{"line":67,"column":14},"end":{"line":67,"column":35}},"17":{"start":{"line":68,"column":14},"end":{"line":68,"column":22}},"18":{"start":{"line":69,"column":14},"end":{"line":69,"column":22}},"19":{"start":{"line":70,"column":14},"end":{"line":70,"column":22}},"20":{"start":{"line":71,"column":4},"end":{"line":71,"column":78}},"21":{"start":{"line":75,"column":4},"end":{"line":79,"column":5}},"22":{"start":{"line":83,"column":4},"end":{"line":83,"column":85}}},"fnMap":{"0":{"name":"(anonymous_0)","decl":{"start":{"line":38,"column":2},"end":{"line":38,"column":3}},"loc":{"start":{"line":38,"column":15},"end":{"line":41,"column":3}},"line":38},"1":{"name":"(anonymous_1)","decl":{"start":{"line":43,"column":2},"end":{"line":43,"column":3}},"loc":{"start":{"line":43,"column":15},"end":{"line":46,"column":3}},"line":43},"2":{"name":"(anonymous_2)","decl":{"start":{"line":48,"column":2},"end":{"line":48,"column":3}},"loc":{"start":{"line":48,"column":15},"end":{"line":54,"column":3}},"line":48},"3":{"name":"(anonymous_3)","decl":{"start":{"line":56,"column":2},"end":{"line":56,"column":3}},"loc":{"start":{"line":56,"column":79},"end":{"line":63,"column":3}},"line":56},"4":{"name":"(anonymous_4)","decl":{"start":{"line":65,"column":2},"end":{"line":65,"column":3}},"loc":{"start":{"line":65,"column":79},"end":{"line":72,"column":3}},"line":65},"5":{"name":"(anonymous_5)","decl":{"start":{"line":74,"column":2},"end":{"line":74,"column":3}},"loc":{"start":{"line":74,"column":101},"end":{"line":80,"column":3}},"line":74},"6":{"name":"(anonymous_6)","decl":{"start":{"line":82,"column":2},"end":{"line":82,"column":3}},"loc":{"start":{"line":82,"column":56},"end":{"line":84,"column":3}},"line":82}},"branchMap":{"0":{"loc":{"start":{"line":53,"column":11},"end":{"line":53,"column":26}},"type":"cond-expr","locations":[{"start":{"line":53,"column":17},"end":{"line":53,"column":18}},{"start":{"line":53,"column":21},"end":{"line":53,"column":26}}],"line":53},"1":{"loc":{"start":{"line":62,"column":11},"end":{"line":62,"column":92}},"type":"cond-expr","locations":[{"start":{"line":62,"column":21},"end":{"line":62,"column":88}},{"start":{"line":62,"column":91},"end":{"line":62,"column":92}}],"line":62},"2":{"loc":{"start":{"line":62,"column":21},"end":{"line":62,"column":88}},"type":"cond-expr","locations":[{"start":{"line":62,"column":31},"end":{"line":62,"column":84}},{"start":{"line":62,"column":87},"end":{"line":62,"column":88}}],"line":62},"3":{"loc":{"start":{"line":62,"column":31},"end":{"line":62,"column":84}},"type":"cond-expr","locations":[{"start":{"line":62,"column":47},"end":{"line":62,"column":52}},{"start":{"line":62,"column":55},"end":{"line":62,"column":84}}],"line":62},"4":{"loc":{"start":{"line":62,"column":55},"end":{"line":62,"column":84}},"type":"cond-expr","locations":[{"start":{"line":62,"column":71},"end":{"line":62,"column":76}},{"start":{"line":62,"column":79},"end":{"line":62,"column":84}}],"line":62},"5":{"loc":{"start":{"line":71,"column":11},"end":{"line":71,"column":78}},"type":"cond-expr","locations":[{"start":{"line":71,"column":21},"end":{"line":71,"column":60}},{"start":{"line":71,"column":63},"end":{"line":71,"column":78}}],"line":71},"6":{"loc":{"start":{"line":71,"column":21},"end":{"line":71,"column":60}},"type":"cond-expr","locations":[{"start":{"line":71,"column":31},"end":{"line":71,"column":56}},{"start":{"line":71,"column":59},"end":{"line":71,"column":60}}],"line":71},"7":{"loc":{"start":{"line":71,"column":31},"end":{"line":71,"column":56}},"type":"cond-expr","locations":[{"start":{"line":71,"column":47},"end":{"line":71,"column":48}},{"start":{"line":71,"column":51},"end":{"line":71,"column":56}}],"line":71},"8":{"loc":{"start":{"line":71,"column":63},"end":{"line":71,"column":78}},"type":"cond-expr","locations":[{"start":{"line":71,"column":73},"end":{"line":71,"column":74}},{"start":{"line":71,"column":77},"end":{"line":71,"column":78}}],"line":71},"9":{"loc":{"start":{"line":83,"column":11},"end":{"line":83,"column":85}},"type":"binary-expr","locations":[{"start":{"line":83,"column":11},"end":{"line":83,"column":45}},{"start":{"line":83,"column":50},"end":{"line":83,"column":84}}],"line":83}},"s":{"0":2,"1":3,"2":17,"3":17,"4":17,"5":17,"6":54,"7":54,"8":54,"9":9,"10":9,"11":9,"12":9,"13":9,"14":9,"15":8,"16":8,"17":8,"18":8,"19":8,"20":8,"21":3,"22":0},"f":{"0":17,"1":17,"2":54,"3":9,"4":8,"5":3,"6":0},"b":{"0":[54,0],"1":[8,1],"2":[8,0],"3":[4,4],"4":[4,0],"5":[7,1],"6":[7,0],"7":[3,4],"8":[0,1],"9":[0,0]},"_coverageSchema":"1a1c01bbd47fc00a2c39e90264f33305004495a9","hash":"7a34a6eae3e8d09a958859ac87e58aae13b8908e"}
,"/Users/jonathanperry/Documents/GitHub/Sequence Media/react-router-pagination/src/pagination/common/index.ts": {"path":"/Users/jonathanperry/Documents/GitHub/Sequence Media/react-router-pagination/src/pagination/common/index.ts","statementMap":{"0":{"start":{"line":2,"column":12},"end":{"line":2,"column":21}},"1":{"start":{"line":4,"column":2},"end":{"line":4,"column":37}},"2":{"start":{"line":8,"column":12},"end":{"line":8,"column":45}},"3":{"start":{"line":9,"column":12},"end":{"line":9,"column":35}},"4":{"start":{"line":10,"column":12},"end":{"line":10,"column":26}},"5":{"start":{"line":11,"column":12},"end":{"line":11,"column":29}},"6":{"start":{"line":12,"column":2},"end":{"line":12,"column":24}},"7":{"start":{"line":16,"column":12},"end":{"line":16,"column":33}},"8":{"start":{"line":17,"column":12},"end":{"line":17,"column":33}},"9":{"start":{"line":18,"column":2},"end":{"line":18,"column":36}}},"fnMap":{"0":{"name":"toInteger","decl":{"start":{"line":1,"column":16},"end":{"line":1,"column":25}},"loc":{"start":{"line":1,"column":55},"end":{"line":5,"column":1}},"line":1},"1":{"name":"calculateTotalPages","decl":{"start":{"line":7,"column":16},"end":{"line":7,"column":35}},"loc":{"start":{"line":7,"column":117},"end":{"line":13,"column":1}},"line":7},"2":{"name":"calculatePageNumber","decl":{"start":{"line":15,"column":16},"end":{"line":15,"column":35}},"loc":{"start":{"line":15,"column":103},"end":{"line":19,"column":1}},"line":15}},"branchMap":{"0":{"loc":{"start":{"line":4,"column":9},"end":{"line":4,"column":37}},"type":"cond-expr","locations":[{"start":{"line":4,"column":20},"end":{"line":4,"column":21}},{"start":{"line":4,"column":24},"end":{"line":4,"column":37}}],"line":4},"1":{"loc":{"start":{"line":12,"column":9},"end":{"line":12,"column":24}},"type":"cond-expr","locations":[{"start":{"line":12,"column":15},"end":{"line":12,"column":20}},{"start":{"line":12,"column":23},"end":{"line":12,"column":24}}],"line":12}},"s":{"0":243,"1":243,"2":30,"3":30,"4":30,"5":30,"6":30,"7":18,"8":18,"9":18},"f":{"0":243,"1":30,"2":18},"b":{"0":[1,242],"1":[15,15]},"_coverageSchema":"1a1c01bbd47fc00a2c39e90264f33305004495a9","hash":"1682b651c87a4dffdafc527b794b91ab5edffea0"}
,"/Users/jonathanperry/Documents/GitHub/Sequence Media/react-router-pagination/src/pagination/standard/index.tsx": {"path":"/Users/jonathanperry/Documents/GitHub/Sequence Media/react-router-pagination/src/pagination/standard/index.tsx","statementMap":{"0":{"start":{"line":27,"column":24},"end":{"line":30,"column":3}},"1":{"start":{"line":32,"column":10},"end":{"line":36,"column":3}},"2":{"start":{"line":41,"column":8},"end":{"line":41,"column":18}},"3":{"start":{"line":42,"column":4},"end":{"line":42,"column":12}},"4":{"start":{"line":46,"column":14},"end":{"line":46,"column":39}},"5":{"start":{"line":47,"column":14},"end":{"line":47,"column":22}},"6":{"start":{"line":48,"column":4},"end":{"line":48,"column":24}},"7":{"start":{"line":52,"column":14},"end":{"line":52,"column":39}},"8":{"start":{"line":53,"column":14},"end":{"line":53,"column":22}},"9":{"start":{"line":54,"column":4},"end":{"line":54,"column":61}},"10":{"start":{"line":58,"column":4},"end":{"line":62,"column":5}},"11":{"start":{"line":66,"column":4},"end":{"line":66,"column":85}}},"fnMap":{"0":{"name":"(anonymous_0)","decl":{"start":{"line":38,"column":2},"end":{"line":38,"column":3}},"loc":{"start":{"line":38,"column":15},"end":{"line":43,"column":3}},"line":38},"1":{"name":"(anonymous_1)","decl":{"start":{"line":45,"column":2},"end":{"line":45,"column":3}},"loc":{"start":{"line":45,"column":50},"end":{"line":49,"column":3}},"line":45},"2":{"name":"(anonymous_2)","decl":{"start":{"line":51,"column":2},"end":{"line":51,"column":3}},"loc":{"start":{"line":51,"column":79},"end":{"line":55,"column":3}},"line":51},"3":{"name":"(anonymous_3)","decl":{"start":{"line":57,"column":2},"end":{"line":57,"column":3}},"loc":{"start":{"line":57,"column":101},"end":{"line":63,"column":3}},"line":57},"4":{"name":"(anonymous_4)","decl":{"start":{"line":65,"column":2},"end":{"line":65,"column":3}},"loc":{"start":{"line":65,"column":56},"end":{"line":67,"column":3}},"line":65}},"branchMap":{"0":{"loc":{"start":{"line":66,"column":11},"end":{"line":66,"column":85}},"type":"binary-expr","locations":[{"start":{"line":66,"column":11},"end":{"line":66,"column":45}},{"start":{"line":66,"column":50},"end":{"line":66,"column":84}}],"line":66}},"s":{"0":2,"1":3,"2":24,"3":24,"4":11,"5":11,"6":11,"7":10,"8":10,"9":10,"10":3,"11":0},"f":{"0":24,"1":11,"2":10,"3":3,"4":0},"b":{"0":[0,0]},"_coverageSchema":"1a1c01bbd47fc00a2c39e90264f33305004495a9","hash":"3c89c287a58d7f32019cfd3c006c079dd2991a8f"}
}
