TN:
SF:src/pagination/component.tsx
FN:20,(anonymous_0)
FN:26,(anonymous_1)
FN:28,(anonymous_2)
FN:53,(anonymous_3)
FN:63,(anonymous_4)
FN:67,(anonymous_5)
FN:71,(anonymous_6)
FN:75,(anonymous_7)
FN:79,(anonymous_8)
FN:83,(anonymous_9)
FN:87,(anonymous_10)
FN:91,(anonymous_11)
FN:95,(anonymous_12)
FN:99,(anonymous_13)
FN:104,(anonymous_14)
FN:115,(anonymous_15)
FN:120,(anonymous_16)
FN:131,(anonymous_17)
FN:136,(anonymous_18)
FN:147,(anonymous_19)
FN:152,(anonymous_20)
FN:163,(anonymous_21)
FN:171,(anonymous_22)
FN:182,(anonymous_23)
FN:189,(anonymous_24)
FN:197,(anonymous_25)
FN:201,(anonymous_26)
FNF:27
FNH:17
FNDA:15,(anonymous_0)
FNDA:32,(anonymous_1)
FNDA:32,(anonymous_2)
FNDA:0,(anonymous_3)
FNDA:0,(anonymous_4)
FNDA:0,(anonymous_5)
FNDA:2,(anonymous_6)
FNDA:6,(anonymous_7)
FNDA:8,(anonymous_8)
FNDA:7,(anonymous_9)
FNDA:7,(anonymous_10)
FNDA:7,(anonymous_11)
FNDA:7,(anonymous_12)
FNDA:7,(anonymous_13)
FNDA:0,(anonymous_14)
FNDA:7,(anonymous_15)
FNDA:0,(anonymous_16)
FNDA:7,(anonymous_17)
FNDA:0,(anonymous_18)
FNDA:7,(anonymous_19)
FNDA:0,(anonymous_20)
FNDA:8,(anonymous_21)
FNDA:0,(anonymous_22)
FNDA:2,(anonymous_23)
FNDA:0,(anonymous_24)
FNDA:0,(anonymous_25)
FNDA:8,(anonymous_26)
DA:20,4
DA:21,15
DA:26,32
DA:28,32
DA:52,4
DA:59,4
DA:61,4
DA:64,0
DA:68,0
DA:72,2
DA:76,6
DA:80,8
DA:84,7
DA:88,7
DA:92,7
DA:96,7
DA:100,7
DA:101,4
DA:102,4
DA:104,0
DA:112,3
DA:116,7
DA:117,4
DA:118,4
DA:120,0
DA:128,3
DA:132,7
DA:133,4
DA:134,4
DA:136,0
DA:144,3
DA:148,7
DA:149,5
DA:150,5
DA:152,0
DA:160,2
DA:164,8
DA:165,8
DA:166,8
DA:167,8
DA:168,15
DA:169,15
DA:171,0
DA:179,8
DA:183,2
DA:190,0
DA:197,8
DA:198,0
DA:202,8
DA:203,8
DA:204,8
DA:205,8
DA:206,8
DA:207,8
DA:208,7
DA:218,1
DA:225,0
DA:230,2
LF:58
LH:48
BRDA:21,0,0,6
BRDA:21,0,1,9
BRDA:28,1,0,0
BRDA:28,2,0,32
BRDA:28,3,0,32
BRDA:28,4,0,0
BRDA:100,5,0,4
BRDA:100,5,1,3
BRDA:116,6,0,4
BRDA:116,6,1,3
BRDA:132,7,0,4
BRDA:132,7,1,3
BRDA:148,8,0,5
BRDA:148,8,1,2
BRDA:191,9,0,0
BRDA:191,9,1,0
BRDA:191,9,2,0
BRDA:203,10,0,8
BRDA:203,10,1,0
BRDA:207,11,0,7
BRDA:207,11,1,1
BRF:21
BRH:15
end_of_record
TN:
SF:src/pagination/index.tsx
FNF:0
FNH:0
LF:0
LH:0
BRF:0
BRH:0
end_of_record
TN:
SF:src/pagination/centered/index.tsx
FN:38,(anonymous_0)
FN:43,(anonymous_1)
FN:48,(anonymous_2)
FN:56,(anonymous_3)
FN:65,(anonymous_4)
FN:74,(anonymous_5)
FN:82,(anonymous_6)
FNF:7
FNH:6
FNDA:17,(anonymous_0)
FNDA:17,(anonymous_1)
FNDA:54,(anonymous_2)
FNDA:9,(anonymous_3)
FNDA:8,(anonymous_4)
FNDA:3,(anonymous_5)
FNDA:0,(anonymous_6)
DA:27,2
DA:32,3
DA:39,17
DA:40,17
DA:44,17
DA:45,17
DA:51,54
DA:52,54
DA:53,54
DA:57,9
DA:58,9
DA:59,9
DA:60,9
DA:61,9
DA:62,9
DA:66,8
DA:67,8
DA:68,8
DA:69,8
DA:70,8
DA:71,8
DA:75,3
DA:83,0
LF:23
LH:22
BRDA:53,0,0,54
BRDA:53,0,1,0
BRDA:62,1,0,8
BRDA:62,1,1,1
BRDA:62,2,0,8
BRDA:62,2,1,0
BRDA:62,3,0,4
BRDA:62,3,1,4
BRDA:62,4,0,4
BRDA:62,4,1,0
BRDA:71,5,0,7
BRDA:71,5,1,1
BRDA:71,6,0,7
BRDA:71,6,1,0
BRDA:71,7,0,3
BRDA:71,7,1,4
BRDA:71,8,0,0
BRDA:71,8,1,1
BRDA:83,9,0,0
BRDA:83,9,1,0
BRF:20
BRH:13
end_of_record
TN:
SF:src/pagination/common/index.ts
FN:1,toInteger
FN:7,calculateTotalPages
FN:15,calculatePageNumber
FNF:3
FNH:3
FNDA:243,toInteger
FNDA:30,calculateTotalPages
FNDA:18,calculatePageNumber
DA:2,243
DA:4,243
DA:8,30
DA:9,30
DA:10,30
DA:11,30
DA:12,30
DA:16,18
DA:17,18
DA:18,18
LF:10
LH:10
BRDA:4,0,0,1
BRDA:4,0,1,242
BRDA:12,1,0,15
BRDA:12,1,1,15
BRF:4
BRH:4
end_of_record
TN:
SF:src/pagination/standard/index.tsx
FN:38,(anonymous_0)
FN:45,(anonymous_1)
FN:51,(anonymous_2)
FN:57,(anonymous_3)
FN:65,(anonymous_4)
FNF:5
FNH:4
FNDA:24,(anonymous_0)
FNDA:11,(anonymous_1)
FNDA:10,(anonymous_2)
FNDA:3,(anonymous_3)
FNDA:0,(anonymous_4)
DA:27,2
DA:32,3
DA:41,24
DA:42,24
DA:46,11
DA:47,11
DA:48,11
DA:52,10
DA:53,10
DA:54,10
DA:58,3
DA:66,0
LF:12
LH:11
BRDA:66,0,0,0
BRDA:66,0,1,0
BRF:2
BRH:0
end_of_record
